Using pre-set license
Built from '2020.3/staging' branch; Version is '2020.3.4f1 (0abb6314276a) revision 703331'; Using compiler version '192528614'; Build Type 'Release'
OS: 'Windows 10 Pro; OS build 19042.928; Version 2009; 64bit' Language: 'ja' Physical Memory: 32530 MB
BatchMode: 1, IsHumanControllingUs: 0, StartBugReporterOnCrash: 0, Is64bit: 1, IsPro: 0

 COMMAND LINE ARGUMENTS:
C:\Users\naoki\Documents\2020.3.4f1\Editor\Unity.exe
-adb2
-batchMode
-noUpm
-name
AssetImportWorker0
-projectPath
C:/Users/naoki/Documents/test githubactions
-logFile
Logs/AssetImportWorker0.log
-srvPort
63875
Successfully changed project path to: C:/Users/naoki/Documents/test githubactions
C:/Users/naoki/Documents/test githubactions
Using Asset Import Pipeline V2.
Refreshing native plugins compatible for Editor in 27.20 ms, found 3 plugins.
Preloading 1 native plugins for Editor in 0.90 ms.
Initialize engine version: 2020.3.4f1 (0abb6314276a)
[Subsystems] Discovering subsystems at path C:/Users/naoki/Documents/2020.3.4f1/Editor/Data/Resources/UnitySubsystems
[Subsystems] Discovering subsystems at path C:/Users/naoki/Documents/test githubactions/Assets
GfxDevice: creating device client; threaded=0
Direct3D:
    Version:  Direct3D 11.0 [level 11.1]
    Renderer: NVIDIA GeForce RTX 3080 Laptop GPU (ID=0x24dc)
    Vendor:   
    VRAM:     8041 MB
    Driver:   27.21.14.6627
Initialize mono
Mono path[0] = 'C:/Users/naoki/Documents/2020.3.4f1/Editor/Data/Managed'
Mono path[1] = 'C:/Users/naoki/Documents/2020.3.4f1/Editor/Data/MonoBleedingEdge/lib/mono/unityjit'
Mono config path = 'C:/Users/naoki/Documents/2020.3.4f1/Editor/Data/MonoBleedingEdge/etc'
Using monoOptions --debugger-agent=transport=dt_socket,embedding=1,server=y,suspend=n,address=127.0.0.1:56080
Begin MonoManager ReloadAssembly
Registering precompiled unity dll's ...
Register platform support module: C:/Users/naoki/Documents/2020.3.4f1/Editor/Data/PlaybackEngines/WindowsStandaloneSupport/UnityEditor.WindowsStandalone.Extensions.dll
Registered in 0.001610 seconds.
Native extension for WindowsStandalone target not found
Refreshing native plugins compatible for Editor in 26.36 ms, found 3 plugins.
Preloading 1 native plugins for Editor in 0.10 ms.
Mono: successfully reloaded assembly
- Completed reload, in  1.553 seconds
Platform modules already initialized, skipping
Registering precompiled user dll's ...
Registered in 0.001442 seconds.
Begin MonoManager ReloadAssembly
Native extension for WindowsStandalone target not found
Refreshing native plugins compatible for Editor in 0.27 ms, found 3 plugins.
Preloading 1 native plugins for Editor in 0.07 ms.
[XR] OculusXRPlugin: registering subsystems
[XR] Unable to register display lifecyle provider: [1]
[XR] Oculus Input lifecycle provider registered.
[XR] Unable to register input lifecyle provider: [1]
NullReferenceException: Object reference not set to an instance of an object
  at Unity.XR.Oculus.OculusLoader.AssetPathToAbsolutePath (System.String assetPath) [0x00048] in C:\Users\naoki\Documents\test githubactions\Library\PackageCache\com.unity.xr.oculus@1.9.0\Runtime\OculusLoader.cs:249 
  at Unity.XR.Oculus.OculusLoader.EditorLoadOVRPlugin () [0x0007b] in C:\Users\naoki\Documents\test githubactions\Library\PackageCache\com.unity.xr.oculus@1.9.0\Runtime\OculusLoader.cs:234 

(Filename: Library/PackageCache/com.unity.xr.oculus@1.9.0/Runtime/OculusLoader.cs Line: 249)

Mono: successfully reloaded assembly
- Completed reload, in  0.778 seconds
Platform modules already initialized, skipping
========================================================================
Worker process is ready to serve import requests
Launched and connected shader compiler UnityShaderCompiler.exe after 0.03 seconds
Refreshing native plugins compatible for Editor in 0.47 ms, found 3 plugins.
Preloading 1 native plugins for Editor in 0.10 ms.
Unloading 1218 Unused Serialized files (Serialized files now loaded: 0)
System memory in use before: 63.2 MB.
System memory in use after: 63.2 MB.

Unloading 11 unused Assets to reduce memory usage. Loaded Objects now: 1660.
Total: 2.322200 ms (FindLiveObjects: 0.265300 ms CreateObjectMapping: 0.109800 ms MarkObjects: 1.850300 ms  DeleteObjects: 0.095200 ms)

========================================================================
Received Import Request.
  path: Assets
  artifactKey: Guid(00000000000000001000000000000000) Importer(815301076,1909f56bfc062723c751e8b465ee728b)
Start importing Assets using Guid(00000000000000001000000000000000) Importer(815301076,1909f56bfc062723c751e8b465ee728b)  -> (artifact id: '025e4f587c23674256bb898581e82961') in 0.009786 seconds
  Import took 0.011688 seconds .

========================================================================
Received Import Request.
  Time since last request: 3.087414 seconds.
  path: Assets/Editor
  artifactKey: Guid(0ce9ce428dea3bd4687f3b2613426c4a) Importer(815301076,1909f56bfc062723c751e8b465ee728b)
Start importing Assets/Editor using Guid(0ce9ce428dea3bd4687f3b2613426c4a) Importer(815301076,1909f56bfc062723c751e8b465ee728b)  -> (artifact id: '1ba708651c3916195272ceab684d4a2e') in 0.006645 seconds
  Import took 0.008461 seconds .

========================================================================
Received Import Request.
  Time since last request: 9.968649 seconds.
  path: Assets/Editor/CI.cs
  artifactKey: Guid(6f7241b04abee1f43b65dcb21981799b) Importer(815301076,1909f56bfc062723c751e8b465ee728b)
Start importing Assets/Editor/CI.cs using Guid(6f7241b04abee1f43b65dcb21981799b) Importer(815301076,1909f56bfc062723c751e8b465ee728b)  -> (artifact id: '565a95f911ccdf36c32acd1524c080af') in 0.040008 seconds
  Import took 0.042167 seconds .

========================================================================
Received Prepare
Registering precompiled user dll's ...
Registered in 0.002161 seconds.
Begin MonoManager ReloadAssembly
Native extension for WindowsStandalone target not found
Refreshing native plugins compatible for Editor in 0.29 ms, found 3 plugins.
Preloading 1 native plugins for Editor in 0.08 ms.
NullReferenceException: Object reference not set to an instance of an object
  at Unity.XR.Oculus.OculusLoader.AssetPathToAbsolutePath (System.String assetPath) [0x00048] in C:\Users\naoki\Documents\test githubactions\Library\PackageCache\com.unity.xr.oculus@1.9.0\Runtime\OculusLoader.cs:249 
  at Unity.XR.Oculus.OculusLoader.EditorLoadOVRPlugin () [0x0007b] in C:\Users\naoki\Documents\test githubactions\Library\PackageCache\com.unity.xr.oculus@1.9.0\Runtime\OculusLoader.cs:234 

(Filename: Library/PackageCache/com.unity.xr.oculus@1.9.0/Runtime/OculusLoader.cs Line: 249)

Mono: successfully reloaded assembly
- Completed reload, in  0.846 seconds
Platform modules already initialized, skipping
Switching build target platform(5) subTarget(0) extendedPlatform(0) -> platform(13) subTarget(524288) extendedPlatform(0)
Refreshing native plugins compatible for Editor in 0.31 ms, found 3 plugins.
Preloading 1 native plugins for Editor in 0.08 ms.
Unloading 1205 Unused Serialized files (Serialized files now loaded: 0)
System memory in use before: 62.7 MB.
System memory in use after: 62.8 MB.

Unloading 6 unused Assets to reduce memory usage. Loaded Objects now: 1665.
Total: 1.626300 ms (FindLiveObjects: 0.151200 ms CreateObjectMapping: 0.046700 ms MarkObjects: 1.379300 ms  DeleteObjects: 0.048000 ms)

AssetImportParameters requested are different than current active one (requested -> active):
  custom:graphics/normal-map-encoding: 01000000000000000000000000000000 -> 02000000000000000000000000000000
========================================================================
Received Prepare
Registering precompiled user dll's ...
Registered in 0.001718 seconds.
Begin MonoManager ReloadAssembly
Native extension for WindowsStandalone target not found
Refreshing native plugins compatible for Editor in 1.60 ms, found 3 plugins.
Preloading 1 native plugins for Editor in 0.26 ms.
NullReferenceException: Object reference not set to an instance of an object
  at Unity.XR.Oculus.OculusLoader.AssetPathToAbsolutePath (System.String assetPath) [0x00048] in C:\Users\naoki\Documents\test githubactions\Library\PackageCache\com.unity.xr.oculus@1.9.0\Runtime\OculusLoader.cs:249 
  at Unity.XR.Oculus.OculusLoader.EditorLoadOVRPlugin () [0x0007b] in C:\Users\naoki\Documents\test githubactions\Library\PackageCache\com.unity.xr.oculus@1.9.0\Runtime\OculusLoader.cs:234 

(Filename: Library/PackageCache/com.unity.xr.oculus@1.9.0/Runtime/OculusLoader.cs Line: 249)

Mono: successfully reloaded assembly
- Completed reload, in  0.874 seconds
Platform modules already initialized, skipping
Switching build target platform(5) subTarget(0) extendedPlatform(0) -> platform(13) subTarget(524288) extendedPlatform(0)
Refreshing native plugins compatible for Editor in 0.30 ms, found 3 plugins.
Preloading 1 native plugins for Editor in 0.08 ms.
Unloading 1205 Unused Serialized files (Serialized files now loaded: 0)
System memory in use before: 62.8 MB.
System memory in use after: 62.8 MB.

Unloading 6 unused Assets to reduce memory usage. Loaded Objects now: 1669.
Total: 1.535100 ms (FindLiveObjects: 0.183900 ms CreateObjectMapping: 0.041000 ms MarkObjects: 1.268500 ms  DeleteObjects: 0.040400 ms)

AssetImportParameters requested are different than current active one (requested -> active):
  custom:graphics/normal-map-encoding: 01000000000000000000000000000000 -> 02000000000000000000000000000000
========================================================================
Received Import Request.
  Time since last request: 157.240056 seconds.
  path: Assets/Editor/CI.cs
  artifactKey: Guid(6f7241b04abee1f43b65dcb21981799b) Importer(815301076,1909f56bfc062723c751e8b465ee728b)
Start importing Assets/Editor/CI.cs using Guid(6f7241b04abee1f43b65dcb21981799b) Importer(815301076,1909f56bfc062723c751e8b465ee728b)  -> (artifact id: '77e3cdb946c3e49b0d3bc3f1eab72a8b') in 0.004295 seconds
  Import took 0.006778 seconds .

========================================================================
Received Import Request.
  Time since last request: 4.239492 seconds.
  path: Assets/XR/XRGeneralSettings.asset
  artifactKey: Guid(5486d45fb039303428eb5c289812b1f0) Importer(815301076,1909f56bfc062723c751e8b465ee728b)
Start importing Assets/XR/XRGeneralSettings.asset using Guid(5486d45fb039303428eb5c289812b1f0) Importer(815301076,1909f56bfc062723c751e8b465ee728b)  -> (artifact id: '3263cd8ca3db99dafb51cf81a86faf8c') in 0.022899 seconds
  Import took 0.025366 seconds .

========================================================================
Received Import Request.
  Time since last request: 15.240875 seconds.
  path: Assets/XR/Loaders/Oculus Loader.asset
  artifactKey: Guid(6c259764f1b6e4f438403ecf75c60d41) Importer(815301076,1909f56bfc062723c751e8b465ee728b)
Start importing Assets/XR/Loaders/Oculus Loader.asset using Guid(6c259764f1b6e4f438403ecf75c60d41) Importer(815301076,1909f56bfc062723c751e8b465ee728b)  -> (artifact id: 'f91fece2bf2a4b496bc1a81f3f6278b4') in 0.008653 seconds
  Import took 0.011583 seconds .

========================================================================
Received Import Request.
  Time since last request: 0.371770 seconds.
  path: Assets/XR/Settings/Oculus Settings.asset
  artifactKey: Guid(abc9cfce554a07a429799060a8681aea) Importer(815301076,1909f56bfc062723c751e8b465ee728b)
Start importing Assets/XR/Settings/Oculus Settings.asset using Guid(abc9cfce554a07a429799060a8681aea) Importer(815301076,1909f56bfc062723c751e8b465ee728b)  -> (artifact id: 'edea18ecab57a6192e137d0d1b81138e') in 0.007482 seconds
  Import took 0.010052 seconds .

========================================================================
Received Prepare
Refreshing native plugins compatible for Editor in 0.79 ms, found 3 plugins.
Preloading 1 native plugins for Editor in 0.08 ms.
Unloading 3 Unused Serialized files (Serialized files now loaded: 0)
System memory in use before: 39.1 MB.
System memory in use after: 39.2 MB.

Unloading 3 unused Assets to reduce memory usage. Loaded Objects now: 1669.
Total: 4.161900 ms (FindLiveObjects: 0.198900 ms CreateObjectMapping: 0.037000 ms MarkObjects: 3.848000 ms  DeleteObjects: 0.076300 ms)

AssetImportWorkerClient::OnTransportError - code=2 error=End of file
